<?xml version="1.0" encoding="UTF-8"?>
<!-- Generated by org.testng.reporters.JUnitXMLReporter -->
<testsuite ignored="0" hostname="DESKTOP-CRS7O4T" failures="0" tests="4" name="Default test" time="11.566" errors="0" timestamp="2024-12-14T12:27:31 WAT">
  <testcase classname="TestCasePackage.MyFirstTest" name="openApp" time="7.739"/>
  <testcase classname="TestCasePackage.MyFirstTest" name="testlogo" time="3.109"/>
  <testcase classname="TestCasePackage.MyFirstTest" name="login" time="0.313"/>
  <testcase classname="TestCasePackage.MyFirstTest" name="closeApp" time="0.298"/>
</testsuite> <!-- Default test -->
